<?xml version="1.0" encoding="UTF-8" standalone="no"?>
<!DOCTYPE log SYSTEM "logger.dtd">
<log>
<record>
  <date>2020-12-17T13:11:08</date>
  <millis>1608181868160</millis>
  <sequence>0</sequence>
  <logger>com.allapt.nlp.ontologyParser.Logging</logger>
  <level>CONFIG</level>
  <class>com.allapt.nlp.ontologyParser.Logging</class>
  <method>&lt;clinit&gt;</method>
  <thread>15</thread>
  <message>Logging Configuration done.</message>
</record>
<record>
  <date>2020-12-17T13:11:08</date>
  <millis>1608181868174</millis>
  <sequence>1</sequence>
  <logger>com.allapt.nlp.ontologyParser.Logging</logger>
  <level>FINE</level>
  <class>com.allapt.nlp.ontologyParser.Logging</class>
  <method>&lt;clinit&gt;</method>
  <thread>15</thread>
  <message>Finer logged</message>
</record>
<record>
  <date>2020-12-17T13:11:08</date>
  <millis>1608181868174</millis>
  <sequence>2</sequence>
  <logger>com.allapt.nlp.ontologyParser.Logging</logger>
  <level>FINER</level>
  <class>com.allapt.nlp.ontologyParser.Logging</class>
  <method>&lt;clinit&gt;</method>
  <thread>15</thread>
  <message>Finest example on LOGGER handler completed.</message>
</record>
<record>
  <date>2020-12-17T13:11:08</date>
  <millis>1608181868220</millis>
  <sequence>3</sequence>
  <logger>com.allapt.nlp.ontologyParser.Logging</logger>
  <level>FINEST</level>
  <class>com.allapt.nlp.ontologyParser.OntologyParser</class>
  <method>createBagOfWords</method>
  <thread>15</thread>
  <message>adding as term in a bag: copi </message>
</record>
<record>
  <date>2020-12-17T13:11:08</date>
  <millis>1608181868220</millis>
  <sequence>4</sequence>
  <logger>com.allapt.nlp.ontologyParser.Logging</logger>
  <level>FINEST</level>
  <class>com.allapt.nlp.ontologyParser.OntologyParser</class>
  <method>createBagOfWords</method>
  <thread>15</thread>
  <message>adding as term in a bag: transfer </message>
</record>
<record>
  <date>2020-12-17T13:11:08</date>
  <millis>1608181868220</millis>
  <sequence>5</sequence>
  <logger>com.allapt.nlp.ontologyParser.Logging</logger>
  <level>FINEST</level>
  <class>com.allapt.nlp.ontologyParser.OntologyParser</class>
  <method>createBagOfWords</method>
  <thread>15</thread>
  <message>adding as term in a bag: load </message>
</record>
<record>
  <date>2020-12-17T13:11:08</date>
  <millis>1608181868220</millis>
  <sequence>6</sequence>
  <logger>com.allapt.nlp.ontologyParser.Logging</logger>
  <level>FINEST</level>
  <class>com.allapt.nlp.ontologyParser.OntologyParser</class>
  <method>createBagOfWords</method>
  <thread>15</thread>
  <message>adding as term in a bag: upload </message>
</record>
<record>
  <date>2020-12-17T13:11:08</date>
  <millis>1608181868220</millis>
  <sequence>7</sequence>
  <logger>com.allapt.nlp.ontologyParser.Logging</logger>
  <level>FINEST</level>
  <class>com.allapt.nlp.ontologyParser.OntologyParser</class>
  <method>createBagOfWords</method>
  <thread>15</thread>
  <message>adding as term in a bag: inform </message>
</record>
<record>
  <date>2020-12-17T13:11:08</date>
  <millis>1608181868220</millis>
  <sequence>8</sequence>
  <logger>com.allapt.nlp.ontologyParser.Logging</logger>
  <level>FINEST</level>
  <class>com.allapt.nlp.ontologyParser.OntologyParser</class>
  <method>createBagOfWords</method>
  <thread>15</thread>
  <message>adding as term in a bag: intellig </message>
</record>
<record>
  <date>2020-12-17T13:11:08</date>
  <millis>1608181868221</millis>
  <sequence>9</sequence>
  <logger>com.allapt.nlp.ontologyParser.Logging</logger>
  <level>FINEST</level>
  <class>com.allapt.nlp.ontologyParser.OntologyParser</class>
  <method>createBagOfWords</method>
  <thread>15</thread>
  <message>adding as term in a bag: materi </message>
</record>
<record>
  <date>2020-12-17T13:11:08</date>
  <millis>1608181868221</millis>
  <sequence>10</sequence>
  <logger>com.allapt.nlp.ontologyParser.Logging</logger>
  <level>FINEST</level>
  <class>com.allapt.nlp.ontologyParser.OntologyParser</class>
  <method>createBagOfWords</method>
  <thread>15</thread>
  <message>adding as term in a bag: input </message>
</record>
<record>
  <date>2020-12-17T13:11:08</date>
  <millis>1608181868221</millis>
  <sequence>11</sequence>
  <logger>com.allapt.nlp.ontologyParser.Logging</logger>
  <level>FINEST</level>
  <class>com.allapt.nlp.ontologyParser.OntologyParser</class>
  <method>createBagOfWords</method>
  <thread>15</thread>
  <message>adding as term in a bag: connect </message>
</record>
<record>
  <date>2020-12-17T13:11:08</date>
  <millis>1608181868221</millis>
  <sequence>12</sequence>
  <logger>com.allapt.nlp.ontologyParser.Logging</logger>
  <level>FINEST</level>
  <class>com.allapt.nlp.ontologyParser.OntologyParser</class>
  <method>createBagOfWords</method>
  <thread>15</thread>
  <message>adding as term in a bag: contact </message>
</record>
<record>
  <date>2020-12-17T13:11:08</date>
  <millis>1608181868221</millis>
  <sequence>13</sequence>
  <logger>com.allapt.nlp.ontologyParser.Logging</logger>
  <level>FINEST</level>
  <class>com.allapt.nlp.ontologyParser.OntologyParser</class>
  <method>createBagOfWords</method>
  <thread>15</thread>
  <message>adding as term in a bag: acquaint </message>
</record>
<record>
  <date>2020-12-17T13:11:08</date>
  <millis>1608181868221</millis>
  <sequence>14</sequence>
  <logger>com.allapt.nlp.ontologyParser.Logging</logger>
  <level>FINEST</level>
  <class>com.allapt.nlp.ontologyParser.OntologyParser</class>
  <method>createBagOfWords</method>
  <thread>15</thread>
  <message>adding as term in a bag: advertis </message>
</record>
<record>
  <date>2020-12-17T13:11:08</date>
  <millis>1608181868222</millis>
  <sequence>15</sequence>
  <logger>com.allapt.nlp.ontologyParser.Logging</logger>
  <level>FINEST</level>
  <class>com.allapt.nlp.ontologyParser.OntologyParser</class>
  <method>createBagOfWords</method>
  <thread>15</thread>
  <message>adding as term in a bag: occupi </message>
</record>
<record>
  <date>2020-12-17T13:11:08</date>
  <millis>1608181868222</millis>
  <sequence>16</sequence>
  <logger>com.allapt.nlp.ontologyParser.Logging</logger>
  <level>FINEST</level>
  <class>com.allapt.nlp.ontologyParser.OntologyParser</class>
  <method>createBagOfWords</method>
  <thread>15</thread>
  <message>adding as term in a bag: invad </message>
</record>
<record>
  <date>2020-12-17T13:11:08</date>
  <millis>1608181868222</millis>
  <sequence>17</sequence>
  <logger>com.allapt.nlp.ontologyParser.Logging</logger>
  <level>FINEST</level>
  <class>com.allapt.nlp.ontologyParser.OntologyParser</class>
  <method>createBagOfWords</method>
  <thread>15</thread>
  <message>adding as term in a bag: conquer </message>
</record>
<record>
  <date>2020-12-17T13:11:08</date>
  <millis>1608181868222</millis>
  <sequence>18</sequence>
  <logger>com.allapt.nlp.ontologyParser.Logging</logger>
  <level>FINEST</level>
  <class>com.allapt.nlp.ontologyParser.OntologyParser</class>
  <method>createBagOfWords</method>
  <thread>15</thread>
  <message>adding as term in a bag: seiz </message>
</record>
<record>
  <date>2020-12-17T13:11:08</date>
  <millis>1608181868222</millis>
  <sequence>19</sequence>
  <logger>com.allapt.nlp.ontologyParser.Logging</logger>
  <level>FINEST</level>
  <class>com.allapt.nlp.ontologyParser.OntologyParser</class>
  <method>createBagOfWords</method>
  <thread>15</thread>
  <message>adding as term in a bag: take </message>
</record>
<record>
  <date>2020-12-17T13:11:08</date>
  <millis>1608181868222</millis>
  <sequence>20</sequence>
  <logger>com.allapt.nlp.ontologyParser.Logging</logger>
  <level>FINEST</level>
  <class>com.allapt.nlp.ontologyParser.OntologyParser</class>
  <method>createBagOfWords</method>
  <thread>15</thread>
  <message>adding as term in a bag: kill </message>
</record>
<record>
  <date>2020-12-17T13:11:08</date>
  <millis>1608181868222</millis>
  <sequence>21</sequence>
  <logger>com.allapt.nlp.ontologyParser.Logging</logger>
  <level>FINEST</level>
  <class>com.allapt.nlp.ontologyParser.OntologyParser</class>
  <method>createBagOfWords</method>
  <thread>15</thread>
  <message>adding as term in a bag: die </message>
</record>
<record>
  <date>2020-12-17T13:11:08</date>
  <millis>1608181868222</millis>
  <sequence>22</sequence>
  <logger>com.allapt.nlp.ontologyParser.Logging</logger>
  <level>FINEST</level>
  <class>com.allapt.nlp.ontologyParser.OntologyParser</class>
  <method>createBagOfWords</method>
  <thread>15</thread>
  <message>adding as term in a bag: destroi </message>
</record>
<record>
  <date>2020-12-17T13:11:08</date>
  <millis>1608181868223</millis>
  <sequence>23</sequence>
  <logger>com.allapt.nlp.ontologyParser.Logging</logger>
  <level>FINEST</level>
  <class>com.allapt.nlp.ontologyParser.OntologyParser</class>
  <method>createBagOfWords</method>
  <thread>15</thread>
  <message>adding as term in a bag: stop </message>
</record>
<record>
  <date>2020-12-17T13:11:08</date>
  <millis>1608181868223</millis>
  <sequence>24</sequence>
  <logger>com.allapt.nlp.ontologyParser.Logging</logger>
  <level>FINEST</level>
  <class>com.allapt.nlp.ontologyParser.OntologyParser</class>
  <method>createBagOfWords</method>
  <thread>15</thread>
  <message>adding as term in a bag: termin </message>
</record>
<record>
  <date>2020-12-17T13:11:08</date>
  <millis>1608181868223</millis>
  <sequence>25</sequence>
  <logger>com.allapt.nlp.ontologyParser.Logging</logger>
  <level>FINEST</level>
  <class>com.allapt.nlp.ontologyParser.OntologyParser</class>
  <method>createBagOfWords</method>
  <thread>15</thread>
  <message>adding as term in a bag: get </message>
</record>
<record>
  <date>2020-12-17T13:11:08</date>
  <millis>1608181868223</millis>
  <sequence>26</sequence>
  <logger>com.allapt.nlp.ontologyParser.Logging</logger>
  <level>FINEST</level>
  <class>com.allapt.nlp.ontologyParser.OntologyParser</class>
  <method>createBagOfWords</method>
  <thread>15</thread>
  <message>adding as term in a bag: attain </message>
</record>
<record>
  <date>2020-12-17T13:11:08</date>
  <millis>1608181868223</millis>
  <sequence>27</sequence>
  <logger>com.allapt.nlp.ontologyParser.Logging</logger>
  <level>FINEST</level>
  <class>com.allapt.nlp.ontologyParser.OntologyParser</class>
  <method>createBagOfWords</method>
  <thread>15</thread>
  <message>adding as term in a bag: gain </message>
</record>
<record>
  <date>2020-12-17T13:11:08</date>
  <millis>1608181868223</millis>
  <sequence>28</sequence>
  <logger>com.allapt.nlp.ontologyParser.Logging</logger>
  <level>FINEST</level>
  <class>com.allapt.nlp.ontologyParser.OntologyParser</class>
  <method>createBagOfWords</method>
  <thread>15</thread>
  <message>adding as term in a bag: acquir </message>
</record>
<record>
  <date>2020-12-17T13:11:08</date>
  <millis>1608181868223</millis>
  <sequence>29</sequence>
  <logger>com.allapt.nlp.ontologyParser.Logging</logger>
  <level>FINEST</level>
  <class>com.allapt.nlp.ontologyParser.OntologyParser</class>
  <method>createBagOfWords</method>
  <thread>15</thread>
  <message>adding as term in a bag: mani </message>
</record>
<record>
  <date>2020-12-17T13:11:08</date>
  <millis>1608181868223</millis>
  <sequence>30</sequence>
  <logger>com.allapt.nlp.ontologyParser.Logging</logger>
  <level>FINEST</level>
  <class>com.allapt.nlp.ontologyParser.OntologyParser</class>
  <method>createBagOfWords</method>
  <thread>15</thread>
  <message>adding as term in a bag: sever </message>
</record>
<record>
  <date>2020-12-17T13:11:08</date>
  <millis>1608181868224</millis>
  <sequence>31</sequence>
  <logger>com.allapt.nlp.ontologyParser.Logging</logger>
  <level>FINEST</level>
  <class>com.allapt.nlp.ontologyParser.OntologyParser</class>
  <method>createBagOfWords</method>
  <thread>15</thread>
  <message>adding as term in a bag: variou </message>
</record>
<record>
  <date>2020-12-17T13:11:08</date>
  <millis>1608181868224</millis>
  <sequence>32</sequence>
  <logger>com.allapt.nlp.ontologyParser.Logging</logger>
  <level>FINEST</level>
  <class>com.allapt.nlp.ontologyParser.OntologyParser</class>
  <method>createBagOfWords</method>
  <thread>15</thread>
  <message>adding as term in a bag: list </message>
</record>
<record>
  <date>2020-12-17T13:11:08</date>
  <millis>1608181868224</millis>
  <sequence>33</sequence>
  <logger>com.allapt.nlp.ontologyParser.Logging</logger>
  <level>FINEST</level>
  <class>com.allapt.nlp.ontologyParser.OntologyParser</class>
  <method>createBagOfWords</method>
  <thread>15</thread>
  <message>adding as term in a bag: execut </message>
</record>
<record>
  <date>2020-12-17T13:11:08</date>
  <millis>1608181868224</millis>
  <sequence>34</sequence>
  <logger>com.allapt.nlp.ontologyParser.Logging</logger>
  <level>FINEST</level>
  <class>com.allapt.nlp.ontologyParser.OntologyParser</class>
  <method>createBagOfWords</method>
  <thread>15</thread>
  <message>adding as term in a bag: locat </message>
</record>
<record>
  <date>2020-12-17T13:11:08</date>
  <millis>1608181868224</millis>
  <sequence>35</sequence>
  <logger>com.allapt.nlp.ontologyParser.Logging</logger>
  <level>FINEST</level>
  <class>com.allapt.nlp.ontologyParser.OntologyParser</class>
  <method>createBagOfWords</method>
  <thread>15</thread>
  <message>adding as term in a bag: binari </message>
</record>
<record>
  <date>2020-12-17T13:11:08</date>
  <millis>1608181868225</millis>
  <sequence>36</sequence>
  <logger>com.allapt.nlp.ontologyParser.Logging</logger>
  <level>FINEST</level>
  <class>com.allapt.nlp.ontologyParser.OntologyParser</class>
  <method>createBagOfWords</method>
  <thread>15</thread>
  <message>adding as term in a bag: file </message>
</record>
<record>
  <date>2020-12-17T13:11:08</date>
  <millis>1608181868225</millis>
  <sequence>37</sequence>
  <logger>com.allapt.nlp.ontologyParser.Logging</logger>
  <level>FINEST</level>
  <class>com.allapt.nlp.ontologyParser.OntologyParser</class>
  <method>createBagOfWords</method>
  <thread>15</thread>
  <message>adding as term in a bag: file system </message>
</record>
<record>
  <date>2020-12-17T13:11:08</date>
  <millis>1608181868225</millis>
  <sequence>38</sequence>
  <logger>com.allapt.nlp.ontologyParser.Logging</logger>
  <level>FINEST</level>
  <class>com.allapt.nlp.ontologyParser.OntologyParser</class>
  <method>createBagOfWords</method>
  <thread>15</thread>
  <message>adding as term in a bag: databas </message>
</record>
<record>
  <date>2020-12-17T13:11:08</date>
  <millis>1608181868225</millis>
  <sequence>39</sequence>
  <logger>com.allapt.nlp.ontologyParser.Logging</logger>
  <level>FINEST</level>
  <class>com.allapt.nlp.ontologyParser.OntologyParser</class>
  <method>createBagOfWords</method>
  <thread>15</thread>
  <message>adding as term in a bag: tool </message>
</record>
<record>
  <date>2020-12-17T13:11:08</date>
  <millis>1608181868225</millis>
  <sequence>40</sequence>
  <logger>com.allapt.nlp.ontologyParser.Logging</logger>
  <level>FINEST</level>
  <class>com.allapt.nlp.ontologyParser.OntologyParser</class>
  <method>createBagOfWords</method>
  <thread>15</thread>
  <message>adding as term in a bag: program </message>
</record>
<record>
  <date>2020-12-17T13:11:08</date>
  <millis>1608181868225</millis>
  <sequence>41</sequence>
  <logger>com.allapt.nlp.ontologyParser.Logging</logger>
  <level>FINEST</level>
  <class>com.allapt.nlp.ontologyParser.OntologyParser</class>
  <method>createBagOfWords</method>
  <thread>15</thread>
  <message>adding as term in a bag: softwar </message>
</record>
<record>
  <date>2020-12-17T13:11:08</date>
  <millis>1608181868225</millis>
  <sequence>42</sequence>
  <logger>com.allapt.nlp.ontologyParser.Logging</logger>
  <level>FINEST</level>
  <class>com.allapt.nlp.ontologyParser.OntologyParser</class>
  <method>createBagOfWords</method>
  <thread>15</thread>
  <message>adding as term in a bag: command control </message>
</record>
<record>
  <date>2020-12-17T13:11:08</date>
  <millis>1608181868226</millis>
  <sequence>43</sequence>
  <logger>com.allapt.nlp.ontologyParser.Logging</logger>
  <level>FINEST</level>
  <class>com.allapt.nlp.ontologyParser.OntologyParser</class>
  <method>createBagOfWords</method>
  <thread>15</thread>
  <message>adding as term in a bag: messag </message>
</record>
<record>
  <date>2020-12-17T13:11:08</date>
  <millis>1608181868226</millis>
  <sequence>44</sequence>
  <logger>com.allapt.nlp.ontologyParser.Logging</logger>
  <level>FINEST</level>
  <class>com.allapt.nlp.ontologyParser.OntologyParser</class>
  <method>createBagOfWords</method>
  <thread>15</thread>
  <message>adding as term in a bag: compress </message>
</record>
<record>
  <date>2020-12-17T13:11:08</date>
  <millis>1608181868226</millis>
  <sequence>45</sequence>
  <logger>com.allapt.nlp.ontologyParser.Logging</logger>
  <level>FINEST</level>
  <class>com.allapt.nlp.ontologyParser.OntologyParser</class>
  <method>createBagOfWords</method>
  <thread>15</thread>
  <message>adding as term in a bag: encrypt </message>
</record>
<record>
  <date>2020-12-17T13:11:08</date>
  <millis>1608181868226</millis>
  <sequence>46</sequence>
  <logger>com.allapt.nlp.ontologyParser.Logging</logger>
  <level>FINEST</level>
  <class>com.allapt.nlp.ontologyParser.OntologyParser</class>
  <method>createBagOfWords</method>
  <thread>15</thread>
  <message>adding as term in a bag: anti viru </message>
</record>
<record>
  <date>2020-12-17T13:11:08</date>
  <millis>1608181868226</millis>
  <sequence>47</sequence>
  <logger>com.allapt.nlp.ontologyParser.Logging</logger>
  <level>FINEST</level>
  <class>com.allapt.nlp.ontologyParser.OntologyParser</class>
  <method>createBagOfWords</method>
  <thread>15</thread>
  <message>adding as term in a bag: defens tool </message>
</record>
<record>
  <date>2020-12-17T13:11:08</date>
  <millis>1608181868226</millis>
  <sequence>48</sequence>
  <logger>com.allapt.nlp.ontologyParser.Logging</logger>
  <level>FINEST</level>
  <class>com.allapt.nlp.ontologyParser.OntologyParser</class>
  <method>createBagOfWords</method>
  <thread>15</thread>
  <message>adding as term in a bag: id </message>
</record>
<record>
  <date>2020-12-17T13:11:08</date>
  <millis>1608181868227</millis>
  <sequence>49</sequence>
  <logger>com.allapt.nlp.ontologyParser.Logging</logger>
  <level>FINEST</level>
  <class>com.allapt.nlp.ontologyParser.OntologyParser</class>
  <method>createBagOfWords</method>
  <thread>15</thread>
  <message>adding as term in a bag: intrus detect system </message>
</record>
<record>
  <date>2020-12-17T13:11:08</date>
  <millis>1608181868227</millis>
  <sequence>50</sequence>
  <logger>com.allapt.nlp.ontologyParser.Logging</logger>
  <level>FINEST</level>
  <class>com.allapt.nlp.ontologyParser.OntologyParser</class>
  <method>createBagOfWords</method>
  <thread>15</thread>
  <message>adding as term in a bag: secur softwar </message>
</record>
<record>
  <date>2020-12-17T13:11:08</date>
  <millis>1608181868227</millis>
  <sequence>51</sequence>
  <logger>com.allapt.nlp.ontologyParser.Logging</logger>
  <level>FINEST</level>
  <class>com.allapt.nlp.ontologyParser.OntologyParser</class>
  <method>createBagOfWords</method>
  <thread>15</thread>
  <message>adding as term in a bag: creat </message>
</record>
<record>
  <date>2020-12-17T13:11:08</date>
  <millis>1608181868227</millis>
  <sequence>52</sequence>
  <logger>com.allapt.nlp.ontologyParser.Logging</logger>
  <level>FINEST</level>
  <class>com.allapt.nlp.ontologyParser.OntologyParser</class>
  <method>createBagOfWords</method>
  <thread>15</thread>
  <message>adding as term in a bag: copi </message>
</record>
<record>
  <date>2020-12-17T13:11:08</date>
  <millis>1608181868227</millis>
  <sequence>53</sequence>
  <logger>com.allapt.nlp.ontologyParser.Logging</logger>
  <level>FINEST</level>
  <class>com.allapt.nlp.ontologyParser.OntologyParser</class>
  <method>createBagOfWords</method>
  <thread>15</thread>
  <message>adding as term in a bag: add </message>
</record>
<record>
  <date>2020-12-17T13:11:08</date>
  <millis>1608181868227</millis>
  <sequence>54</sequence>
  <logger>com.allapt.nlp.ontologyParser.Logging</logger>
  <level>FINEST</level>
  <class>com.allapt.nlp.ontologyParser.OntologyParser</class>
  <method>createBagOfWords</method>
  <thread>15</thread>
  <message>adding as term in a bag: version </message>
</record>
<record>
  <date>2020-12-17T13:11:08</date>
  <millis>1608181868227</millis>
  <sequence>55</sequence>
  <logger>com.allapt.nlp.ontologyParser.Logging</logger>
  <level>FINEST</level>
  <class>com.allapt.nlp.ontologyParser.OntologyParser</class>
  <method>createBagOfWords</method>
  <thread>15</thread>
  <message>adding as term in a bag: patch </message>
</record>
<record>
  <date>2020-12-17T13:11:08</date>
  <millis>1608181868227</millis>
  <sequence>56</sequence>
  <logger>com.allapt.nlp.ontologyParser.Logging</logger>
  <level>FINEST</level>
  <class>com.allapt.nlp.ontologyParser.OntologyParser</class>
  <method>createBagOfWords</method>
  <thread>15</thread>
  <message>adding as term in a bag: hotfix </message>
</record>
<record>
  <date>2020-12-17T13:11:08</date>
  <millis>1608181868228</millis>
  <sequence>57</sequence>
  <logger>com.allapt.nlp.ontologyParser.Logging</logger>
  <level>FINEST</level>
  <class>com.allapt.nlp.ontologyParser.OntologyParser</class>
  <method>createBagOfWords</method>
  <thread>15</thread>
  <message>adding as term in a bag: servic pack </message>
</record>
<record>
  <date>2020-12-17T13:11:08</date>
  <millis>1608181868228</millis>
  <sequence>58</sequence>
  <logger>com.allapt.nlp.ontologyParser.Logging</logger>
  <level>FINEST</level>
  <class>com.allapt.nlp.ontologyParser.OntologyParser</class>
  <method>createBagOfWords</method>
  <thread>15</thread>
  <message>adding as term in a bag: password </message>
</record>
<record>
  <date>2020-12-17T13:11:08</date>
  <millis>1608181868228</millis>
  <sequence>59</sequence>
  <logger>com.allapt.nlp.ontologyParser.Logging</logger>
  <level>FINEST</level>
  <class>com.allapt.nlp.ontologyParser.OntologyParser</class>
  <method>createBagOfWords</method>
  <thread>15</thread>
  <message>adding as term in a bag: usernam </message>
</record>
<record>
  <date>2020-12-17T13:11:08</date>
  <millis>1608181868228</millis>
  <sequence>60</sequence>
  <logger>com.allapt.nlp.ontologyParser.Logging</logger>
  <level>FINEST</level>
  <class>com.allapt.nlp.ontologyParser.OntologyParser</class>
  <method>createBagOfWords</method>
  <thread>15</thread>
  <message>adding as term in a bag: remov </message>
</record>
<record>
  <date>2020-12-17T13:11:08</date>
  <millis>1608181868228</millis>
  <sequence>61</sequence>
  <logger>com.allapt.nlp.ontologyParser.Logging</logger>
  <level>FINEST</level>
  <class>com.allapt.nlp.ontologyParser.OntologyParser</class>
  <method>createBagOfWords</method>
  <thread>15</thread>
  <message>adding as term in a bag: delet </message>
</record>
<record>
  <date>2020-12-17T13:11:08</date>
  <millis>1608181868228</millis>
  <sequence>62</sequence>
  <logger>com.allapt.nlp.ontologyParser.Logging</logger>
  <level>FINEST</level>
  <class>com.allapt.nlp.ontologyParser.OntologyParser</class>
  <method>createBagOfWords</method>
  <thread>15</thread>
  <message>number of loaded lines is :21</message>
</record>
<record>
  <date>2020-12-17T13:11:08</date>
  <millis>1608181868228</millis>
  <sequence>63</sequence>
  <logger>com.allapt.nlp.ontologyParser.Logging</logger>
  <level>CONFIG</level>
  <class>com.allapt.nlp.ontologyParser.OntologyParser</class>
  <method>computeStatistics</method>
  <thread>15</thread>
  <message> Total terms count: 0.0</message>
</record>
<record>
  <date>2020-12-17T13:11:08</date>
  <millis>1608181868229</millis>
  <sequence>64</sequence>
  <logger>com.allapt.nlp.ontologyParser.Logging</logger>
  <level>CONFIG</level>
  <class>com.allapt.nlp.ontologyParser.OntologyParser</class>
  <method>computeStatistics</method>
  <thread>15</thread>
  <message> Total doc count: 0</message>
</record>
<record>
  <date>2020-12-17T13:11:08</date>
  <millis>1608181868229</millis>
  <sequence>65</sequence>
  <logger>com.allapt.nlp.ontologyParser.Logging</logger>
  <level>CONFIG</level>
  <class>com.allapt.nlp.ontologyParser.OntologyParser</class>
  <method>computeStatistics</method>
  <thread>15</thread>
  <message> Avg doc length: NaN</message>
</record>
<record>
  <date>2020-12-17T13:11:22</date>
  <millis>1608181882104</millis>
  <sequence>66</sequence>
  <logger>com.allapt.nlp.ontologyParser.Logging</logger>
  <level>SEVERE</level>
  <class>com.allapt.nlp.ontologyParser.OntologyParser</class>
  <method>printResults</method>
  <thread>15</thread>
  <message>No Results found! in the Ontology</message>
</record>
<record>
  <date>2020-12-17T13:11:22</date>
  <millis>1608181882105</millis>
  <sequence>67</sequence>
  <logger>com.allapt.nlp.ontologyParser.Logging</logger>
  <level>SEVERE</level>
  <class>com.allapt.nlp.ontologyParser.OntologyParser</class>
  <method>printResults</method>
  <thread>15</thread>
  <message>Try changing threshold or stem filter</message>
</record>
<record>
  <date>2020-12-17T13:12:17</date>
  <millis>1608181937504</millis>
  <sequence>68</sequence>
  <logger>com.allapt.nlp.ontologyParser.Logging</logger>
  <level>SEVERE</level>
  <class>com.allapt.nlp.ontologyParser.OntologyParser</class>
  <method>printResults</method>
  <thread>15</thread>
  <message>No Results found! in the Ontology</message>
</record>
<record>
  <date>2020-12-17T13:12:17</date>
  <millis>1608181937504</millis>
  <sequence>69</sequence>
  <logger>com.allapt.nlp.ontologyParser.Logging</logger>
  <level>SEVERE</level>
  <class>com.allapt.nlp.ontologyParser.OntologyParser</class>
  <method>printResults</method>
  <thread>15</thread>
  <message>Try changing threshold or stem filter</message>
</record>
<record>
  <date>2020-12-17T13:12:25</date>
  <millis>1608181945867</millis>
  <sequence>70</sequence>
  <logger>com.allapt.nlp.ontologyParser.Logging</logger>
  <level>SEVERE</level>
  <class>com.allapt.nlp.ontologyParser.OntologyParser</class>
  <method>printResults</method>
  <thread>15</thread>
  <message>No Results found! in the Ontology</message>
</record>
<record>
  <date>2020-12-17T13:12:25</date>
  <millis>1608181945867</millis>
  <sequence>71</sequence>
  <logger>com.allapt.nlp.ontologyParser.Logging</logger>
  <level>SEVERE</level>
  <class>com.allapt.nlp.ontologyParser.OntologyParser</class>
  <method>printResults</method>
  <thread>15</thread>
  <message>Try changing threshold or stem filter</message>
</record>
</log>
